<?xml version="1.0" encoding="UTF-8"?>
<!-- Generated by org.testng.reporters.JUnitReportReporter -->
<testsuite skipped="0" hostname="DESKTOP-IKRVH90" name="com.sample.runner.RunnerClass" tests="2" failures="0" timestamp="2021-01-17T19:29:05 IST" time="11.218" errors="0">
  <testcase name="runScenario" time="6.873" classname="com.sample.runner.RunnerClass"/>
  <system-out/>
  <testcase name="runScenario" time="4.345" classname="com.sample.runner.RunnerClass"/>
  <system-out/>
</testsuite> <!-- com.sample.runner.RunnerClass -->
